Build started 1/25/2012 2:02:41 PM.
     1>Project "C:\Users\Muel\Desktop\mw2ffex\trunk\mw2ffex\mw2ffex.vcxproj" on node 2 (build target(s)).
     1>InitializeBuildStatus:
         Creating "Debug\mw2ffex.unsuccessfulbuild" because "AlwaysCreate" was specified.
       ClCompile:
         c:\Program Files (x86)\Microsoft Visual Studio 10.0\VC\bin\CL.exe /c /ZI /nologo /W3 /WX- /Od /Oy- /D WIN32 /D _DEBUG /D _CONSOLE /D _UNICODE /D UNICODE /Gm /EHsc /RTC1 /MDd /GS /fp:precise /Zc:wchar_t /Zc:forScope /Fo"Debug\\" /Fd"Debug\vc100.pdb" /Gd /TC /analyze- /errorReport:prompt src\mw2ffex.c
         mw2ffex.c
     1>c:\users\muel\desktop\mw2ffex\trunk\mw2ffex\src\mw2ffex.c(45): warning C4013: 'extract_fastfile' undefined; assuming extern returning int
     1>c:\users\muel\desktop\mw2ffex\trunk\mw2ffex\src\mw2ffex.c(46): warning C4996: 'fopen': This function or variable may be unsafe. Consider using fopen_s instead. To disable deprecation, use _CRT_SECURE_NO_WARNINGS. See online help for details.
                 c:\program files (x86)\microsoft visual studio 10.0\vc\include\stdio.h(234) : see declaration of 'fopen'
     1>c:\users\muel\desktop\mw2ffex\trunk\mw2ffex\src\mw2ffex.c(62): warning C4013: 'freadstr' undefined; assuming extern returning int
     1>c:\users\muel\desktop\mw2ffex\trunk\mw2ffex\src\mw2ffex.c(39): warning C4101: 'assetind' : unreferenced local variable
     1>c:\users\muel\desktop\mw2ffex\trunk\mw2ffex\src\mw2ffex.c(87): warning C4018: '<' : signed/unsigned mismatch
       ManifestResourceCompile:
         All outputs are up-to-date.
       Link:
         c:\Program Files (x86)\Microsoft Visual Studio 10.0\VC\bin\link.exe /ERRORREPORT:PROMPT /OUT:"C:\Users\Muel\Desktop\mw2ffex\trunk\mw2ffex\Debug\mw2ffex.exe" /INCREMENTAL /NOLOGO kernel32.lib user32.lib gdi32.lib winspool.lib comdlg32.lib advapi32.lib shell32.lib ole32.lib oleaut32.lib uuid.lib odbc32.lib odbccp32.lib /MANIFEST /ManifestFile:"Debug\mw2ffex.exe.intermediate.manifest" /MANIFESTUAC:"level='asInvoker' uiAccess='false'" /DEBUG /PDB:"C:\Users\Muel\Desktop\mw2ffex\trunk\mw2ffex\Debug\mw2ffex.pdb" /SUBSYSTEM:CONSOLE /TLBID:1 /DYNAMICBASE /NXCOMPAT /IMPLIB:"C:\Users\Muel\Desktop\mw2ffex\trunk\mw2ffex\Debug\mw2ffex.lib" /MACHINE:X86 Debug\mw2ffex.exe.embed.manifest.res
         Debug\mw2ffex.obj
         Debug\extract.obj
         lib\zdll.lib
       Manifest:
         C:\Program Files (x86)\Microsoft SDKs\Windows\v7.0A\bin\mt.exe /nologo /verbose /out:"Debug\mw2ffex.exe.embed.manifest" /manifest Debug\mw2ffex.exe.intermediate.manifest
         All outputs are up-to-date.
       LinkEmbedManifest:
         All outputs are up-to-date.
         mw2ffex.vcxproj -> C:\Users\Muel\Desktop\mw2ffex\trunk\mw2ffex\Debug\mw2ffex.exe
       FinalizeBuildStatus:
         Deleting file "Debug\mw2ffex.unsuccessfulbuild".
         Touching "Debug\mw2ffex.lastbuildstate".
     1>Done Building Project "C:\Users\Muel\Desktop\mw2ffex\trunk\mw2ffex\mw2ffex.vcxproj" (build target(s)).

Build succeeded.

Time Elapsed 00:00:00.78
